<?xml version="1.0" encoding="UTF-8"?>
<!-- Generated by org.testng.reporters.JUnitReportReporter -->
<testsuite hostname="NITISH" failures="0" tests="1" name="com.mystore.testcase.TC_BayProductEndToEnd" time="69.563" errors="0" timestamp="2022-08-21T20:06:32 IST" skipped="0">
  <testcase classname="com.mystore.testcase.TC_BayProductEndToEnd" name="EndToEnd" time="69.563"/>
  <system-out/>
</testsuite> <!-- com.mystore.testcase.TC_BayProductEndToEnd -->
