<?xml version="1.0" encoding="UTF-8"?>
<!-- Generated by org.testng.reporters.JUnitReportReporter -->
<testsuite hostname="NITISH" failures="0" tests="1" name="com.mystore.testcase.TC_MyAccountPageTest" time="70.467" errors="0" timestamp="2022-08-20T17:36:15 IST" skipped="0">
  <testcase classname="com.mystore.testcase.TC_MyAccountPageTest" name="VerifyRegistationAndLogin" time="70.467"/>
  <system-out/>
</testsuite> <!-- com.mystore.testcase.TC_MyAccountPageTest -->
