<?xml version="1.0" encoding="UTF-8"?>
<!-- Generated by org.testng.reporters.JUnitReportReporter -->
<testsuite hostname="NITISH" failures="0" tests="1" name="com.mystore.testcase.TC_VerifyTheAccountPageTest" time="17.576" errors="0" timestamp="2022-08-21T00:31:11 IST" skipped="0">
  <testcase classname="com.mystore.testcase.TC_VerifyTheAccountPageTest" name="VerifyTheAccountPage" time="17.576"/>
  <system-out/>
</testsuite> <!-- com.mystore.testcase.TC_VerifyTheAccountPageTest -->
