<?xml version="1.0" encoding="UTF-8"?>
<!-- Generated by org.testng.reporters.JUnitReportReporter -->
<testsuite hostname="NITISH" failures="0" tests="1" name="com.mystore.testcase.TC_ProductPageTest" time="50.886" errors="0" timestamp="2022-08-21T00:38:47 IST" skipped="0">
  <testcase classname="com.mystore.testcase.TC_ProductPageTest" name="VerifySearchProduct" time="50.886"/>
  <system-out/>
</testsuite> <!-- com.mystore.testcase.TC_ProductPageTest -->
